Started GET "/" for ::1 at 2023-09-25 16:22:43 -0500
Processing by Rails::WelcomeController#index as HTML
  Rendering /Users/arunimsamudra/.rbenv/versions/3.2.2/lib/ruby/gems/3.2.0/gems/railties-7.0.8/lib/rails/templates/rails/welcome/index.html.erb
  Rendered /Users/arunimsamudra/.rbenv/versions/3.2.2/lib/ruby/gems/3.2.0/gems/railties-7.0.8/lib/rails/templates/rails/welcome/index.html.erb (Duration: 10.0ms | Allocations: 633)
Completed 200 OK in 28ms (Views: 15.1ms | ActiveRecord: 0.0ms | Allocations: 7367)


  [1m[35m (8.8ms)[0m  [1m[35mCREATE TABLE "schema_migrations" ("version" varchar NOT NULL PRIMARY KEY)[0m
  [1m[35m (0.7ms)[0m  [1m[35mCREATE TABLE "ar_internal_metadata" ("key" varchar NOT NULL PRIMARY KEY, "value" varchar, "created_at" datetime(6) NOT NULL, "updated_at" datetime(6) NOT NULL)[0m
  [1m[36mActiveRecord::SchemaMigration Pluck (0.2ms)[0m  [1m[34mSELECT "schema_migrations"."version" FROM "schema_migrations" ORDER BY "schema_migrations"."version" ASC[0m
Migrating to CreateMovies (20230925213223)
  [1m[36mTRANSACTION (0.0ms)[0m  [1m[36mbegin transaction[0m
  [1m[35m (0.2ms)[0m  [1m[35mCREATE TABLE "movies" ("id" integer PRIMARY KEY AUTOINCREMENT NOT NULL, "title" varchar, "rating" varchar, "description" text, "release_date" datetime(6), "created_at" datetime(6) NOT NULL, "updated_at" datetime(6) NOT NULL)[0m
  [1m[36mActiveRecord::SchemaMigration Create (0.2ms)[0m  [1m[32mINSERT INTO "schema_migrations" ("version") VALUES (?)[0m  [["version", "20230925213223"]]
  [1m[36mTRANSACTION (0.5ms)[0m  [1m[36mcommit transaction[0m
  [1m[36mActiveRecord::InternalMetadata Load (0.0ms)[0m  [1m[34mSELECT "ar_internal_metadata".* FROM "ar_internal_metadata" WHERE "ar_internal_metadata"."key" = ? LIMIT ?[0m  [["key", "environment"], ["LIMIT", 1]]
  [1m[36mTRANSACTION (0.0ms)[0m  [1m[36mbegin transaction[0m
  [1m[36mActiveRecord::InternalMetadata Create (0.3ms)[0m  [1m[32mINSERT INTO "ar_internal_metadata" ("key", "value", "created_at", "updated_at") VALUES (?, ?, ?, ?)[0m  [["key", "environment"], ["value", "development"], ["created_at", "2023-09-25 21:36:37.672853"], ["updated_at", "2023-09-25 21:36:37.672853"]]
  [1m[36mTRANSACTION (0.8ms)[0m  [1m[36mcommit transaction[0m
  [1m[36mActiveRecord::SchemaMigration Pluck (0.0ms)[0m  [1m[34mSELECT "schema_migrations"."version" FROM "schema_migrations" ORDER BY "schema_migrations"."version" ASC[0m
  [1m[36mMovie Load (0.3ms)[0m  [1m[34mSELECT "movies".* FROM "movies" ORDER BY "movies"."id" ASC LIMIT ?[0m  [["LIMIT", 1]]
  [1m[36mActiveRecord::SchemaMigration Pluck (0.2ms)[0m  [1m[34mSELECT "schema_migrations"."version" FROM "schema_migrations" ORDER BY "schema_migrations"."version" ASC[0m
  [1m[36mTRANSACTION (0.0ms)[0m  [1m[36mbegin transaction[0m
  [1m[36mMovie Create (0.9ms)[0m  [1m[32mINSERT INTO "movies" ("title", "rating", "description", "release_date", "created_at", "updated_at") VALUES (?, ?, ?, ?, ?, ?)[0m  [["title", "My Neighbor Totoro"], ["rating", "G"], ["description", nil], ["release_date", "1988-04-16 00:00:00"], ["created_at", "2023-09-25 21:47:08.693226"], ["updated_at", "2023-09-25 21:47:08.693226"]]
  [1m[36mTRANSACTION (0.3ms)[0m  [1m[36mcommit transaction[0m
  [1m[36mTRANSACTION (0.0ms)[0m  [1m[36mbegin transaction[0m
  [1m[36mMovie Create (0.1ms)[0m  [1m[32mINSERT INTO "movies" ("title", "rating", "description", "release_date", "created_at", "updated_at") VALUES (?, ?, ?, ?, ?, ?)[0m  [["title", "Green Book"], ["rating", "PG-13"], ["description", nil], ["release_date", "2018-11-16 00:00:00"], ["created_at", "2023-09-25 21:47:08.696063"], ["updated_at", "2023-09-25 21:47:08.696063"]]
  [1m[36mTRANSACTION (0.3ms)[0m  [1m[36mcommit transaction[0m
  [1m[36mTRANSACTION (0.0ms)[0m  [1m[36mbegin transaction[0m
  [1m[36mMovie Create (0.1ms)[0m  [1m[32mINSERT INTO "movies" ("title", "rating", "description", "release_date", "created_at", "updated_at") VALUES (?, ?, ?, ?, ?, ?)[0m  [["title", "Parasite"], ["rating", "R"], ["description", nil], ["release_date", "2019-05-30 00:00:00"], ["created_at", "2023-09-25 21:47:08.697382"], ["updated_at", "2023-09-25 21:47:08.697382"]]
  [1m[36mTRANSACTION (0.3ms)[0m  [1m[36mcommit transaction[0m
  [1m[36mTRANSACTION (0.0ms)[0m  [1m[36mbegin transaction[0m
  [1m[36mMovie Create (0.1ms)[0m  [1m[32mINSERT INTO "movies" ("title", "rating", "description", "release_date", "created_at", "updated_at") VALUES (?, ?, ?, ?, ?, ?)[0m  [["title", "Nomadland"], ["rating", "R"], ["description", nil], ["release_date", "2021-02-19 00:00:00"], ["created_at", "2023-09-25 21:47:08.698576"], ["updated_at", "2023-09-25 21:47:08.698576"]]
  [1m[36mTRANSACTION (0.6ms)[0m  [1m[36mcommit transaction[0m
  [1m[36mTRANSACTION (0.0ms)[0m  [1m[36mbegin transaction[0m
  [1m[36mMovie Create (0.1ms)[0m  [1m[32mINSERT INTO "movies" ("title", "rating", "description", "release_date", "created_at", "updated_at") VALUES (?, ?, ?, ?, ?, ?)[0m  [["title", "CODA"], ["rating", "PG-13"], ["description", nil], ["release_date", "2021-08-13 00:00:00"], ["created_at", "2023-09-25 21:47:08.700150"], ["updated_at", "2023-09-25 21:47:08.700150"]]
  [1m[36mTRANSACTION (0.4ms)[0m  [1m[36mcommit transaction[0m
  [1m[36mMovie Load (0.2ms)[0m  [1m[34mSELECT "movies".* FROM "movies" ORDER BY "movies"."id" ASC LIMIT ?[0m  [["LIMIT", 1]]
Started GET "/" for 127.0.0.1 at 2023-09-25 16:49:26 -0500
  [1m[36mActiveRecord::SchemaMigration Pluck (0.1ms)[0m  [1m[34mSELECT "schema_migrations"."version" FROM "schema_migrations" ORDER BY "schema_migrations"."version" ASC[0m
Processing by Rails::WelcomeController#index as HTML
  Rendering /Users/arunimsamudra/.rbenv/versions/3.2.2/lib/ruby/gems/3.2.0/gems/railties-7.0.8/lib/rails/templates/rails/welcome/index.html.erb
  Rendered /Users/arunimsamudra/.rbenv/versions/3.2.2/lib/ruby/gems/3.2.0/gems/railties-7.0.8/lib/rails/templates/rails/welcome/index.html.erb (Duration: 2.0ms | Allocations: 490)
Completed 200 OK in 14ms (Views: 6.6ms | ActiveRecord: 0.0ms | Allocations: 4219)


Started GET "/movies" for 127.0.0.1 at 2023-09-25 16:49:43 -0500
  
ActionController::RoutingError (No route matches [GET] "/movies"):
  
Started GET "/" for 127.0.0.1 at 2023-09-25 17:10:46 -0500
  [1m[36mActiveRecord::SchemaMigration Pluck (0.1ms)[0m  [1m[34mSELECT "schema_migrations"."version" FROM "schema_migrations" ORDER BY "schema_migrations"."version" ASC[0m
Started GET "/movies" for 127.0.0.1 at 2023-09-25 17:10:46 -0500
Processing by MoviesController#index as HTML
  Rendering layout layouts/application.html.erb
  Rendering movies/index.html.erb within layouts/application
  [1m[36mMovie Load (0.9ms)[0m  [1m[34mSELECT "movies".* FROM "movies"[0m
  ↳ app/views/movies/index.html.erb:6
  Rendered movies/_movie.html.erb (Duration: 0.5ms | Allocations: 397)
  Rendered movies/_movie.html.erb (Duration: 0.0ms | Allocations: 39)
  Rendered movies/_movie.html.erb (Duration: 0.0ms | Allocations: 39)
  Rendered movies/_movie.html.erb (Duration: 0.0ms | Allocations: 39)
  Rendered movies/_movie.html.erb (Duration: 0.0ms | Allocations: 39)
  Rendered movies/index.html.erb within layouts/application (Duration: 16.9ms | Allocations: 8178)
  Rendered layout layouts/application.html.erb (Duration: 292.9ms | Allocations: 99020)
Completed 200 OK in 314ms (Views: 298.0ms | ActiveRecord: 1.9ms | Allocations: 103373)


